 ╷
                  │ Warning: Argument is deprecated
                  │ 
                  │   with aws_eip.nqdi-nat-eip (nqdi-nat-eip),
                  │   on cdk.tf.json line 158, in resource.aws_eip.nqdi-nat-eip (nqdi-nat-eip):
                  │  158:         "vpc": true
rest_api_fargate  │ 
                  │ use domain attribute instead
                  ╵
                  ╷
                  │ Error: creating ELBv2 application Load Balancer (nqdi-alb): operation error Elastic Load Balancing v2: CreateLoadBalancer, https response error StatusCode: 400, RequestID: 2761d26a-3bd6-45b9-86a1-52016fa67829, api error ValidationError: At least two subnets in two different Availability Zones must be specified
                  │ 
                  │   with aws_alb.nqdi-alb (nqdi-alb),
                  │   on cdk.tf.json line 46, in resource.aws_alb.nqdi-alb (nqdi-alb):
                  │   46:       }
                  │ 
                  ╵
                  ╷
                  │ Error: creating ECS Service (golang-api-service): operation error ECS: CreateService, https response error StatusCode: 400, RequestID: 0c4c651b-919b-4569-9448-8cc0577c5055, InvalidParameterException: The provided target group arn:aws:elasticloadbalancing:eu-central-1:474192408199:targetgroup/nqdi-alb-target-group/d67c7f9b38b8eb6b has target type instance, which is incompatible with the awsvpc network mode specified in the task definition.
                  │ 
                  │   with aws_ecs_service.nqdi-fargate-service (nqdi-fargate-service),
                  │   on cdk.tf.json line 128, in resource.aws_ecs_service.nqdi-fargate-service (nqdi-fargate-service):
                  │  128:       }
                  │ 
                  ╵
rest_api_fargate  Operation failed: failed running terraform apply (exit 1)